********************** Input Parameters ***********************
     control file:   example.nllgrid1D.inp
       event list:   data/in/evlist.txt
     station list:   data/in/stlist2.txt
     xcordat file:   data/in/xcordata.txt
  travel time src:   nllgrid
     velocity mdl:   g2t
   map projection:   tmerc WGS84 -119.690000 39.665000 0.00

************************ Output files *************************
     catalog file:   data/out/out.nllgrid1D.cat
     cluster file:   data/out/out.nllgrid1D.clust
         log file:   data/out/out.nllgrid1D.log
   bootstrap file:   NONE

****************** GROWCLUST Run Parameters *******************
  (min rxcor value for evpair similarity coeff.): rmin =   0.60
  (max sta. dist for evpair similarity coeff.): delmax =   80.0
           (max rms residual to join clusters): rmsmax =   0.20
        (num. bootstrap uncertainty iterations): nboot =      0

****************** Auxiliary Run Parameters *******************
                     max catalog dist to join clusters:    8.00
                   max relocated dist to join clusters:    6.00
               max permitted horizontal cluster shifts:    2.00
                 max permitted vertical cluster shifts:    2.00
         max median absolute residual to join clusters:    0.10
***************************************************************

==================================================================
==================================================================

********************  GROWCLUST Run Summary  *********************
                             Number of catalog events:        1616
                           Number of relocated events:         733
                          Number of input event pairs:       50214
                           Number of event pairs used:       50214
                Number of xcor data used (total, P+S):      608577
                   Number of xcor data used (P-phase):      349303
             RMS differential time residual (P-phase):      0.0826
   Mean (signed) differential time residual (P-phase):      0.0001
                   Number of xcor data used (S-phase):      259274
             RMS differential time residual (S-phase):      0.0578
   Mean (signed) differential time residual (S-phase):      0.0001

                Number of clusters with >=   2 events:          7
                Number of clusters with >=   5 events:          2
                Number of clusters with >=  10 events:          1
                Number of clusters with >=  20 events:          1
                Number of clusters with >=  50 events:          1
                Number of clusters with >= 100 events:          1
